{"C:\\Users\\jselvarajah1\\Documents\\MultiverseProjects\\Scooter\\Scooter-1\\ChargingStation.js": {"path":"C:\\Users\\jselvarajah1\\Documents\\MultiverseProjects\\Scooter\\Scooter-1\\ChargingStation.js","statementMap":{"0":{"start":{"line":3,"column":8},"end":{"line":3,"column":32}},"1":{"start":{"line":4,"column":8},"end":{"line":4,"column":54}},"2":{"start":{"line":5,"column":8},"end":{"line":5,"column":26}},"3":{"start":{"line":6,"column":8},"end":{"line":6,"column":36}},"4":{"start":{"line":7,"column":8},"end":{"line":7,"column":30}},"5":{"start":{"line":33,"column":8},"end":{"line":33,"column":37}},"6":{"start":{"line":54,"column":0},"end":{"line":54,"column":32}}},"fnMap":{"0":{"name":"(anonymous_0)","decl":{"start":{"line":2,"column":4},"end":{"line":2,"column":5}},"loc":{"start":{"line":2,"column":47},"end":{"line":9,"column":5}},"line":2},"1":{"name":"(anonymous_1)","decl":{"start":{"line":32,"column":4},"end":{"line":32,"column":5}},"loc":{"start":{"line":32,"column":26},"end":{"line":34,"column":5}},"line":32}},"branchMap":{},"s":{"0":1,"1":1,"2":1,"3":1,"4":1,"5":0,"6":1},"f":{"0":1,"1":0},"b":{},"_coverageSchema":"1a1c01bbd47fc00a2c39e90264f33305004495a9","hash":"643142bce70b6b57b85a9c8e322d2bd21c20db11"}
,"C:\\Users\\jselvarajah1\\Documents\\MultiverseProjects\\Scooter\\Scooter-1\\Scooter.js": {"path":"C:\\Users\\jselvarajah1\\Documents\\MultiverseProjects\\Scooter\\Scooter-1\\Scooter.js","statementMap":{"0":{"start":{"line":2,"column":21},"end":{"line":2,"column":23}},"1":{"start":{"line":4,"column":8},"end":{"line":4,"column":35}},"2":{"start":{"line":5,"column":8},"end":{"line":5,"column":33}},"3":{"start":{"line":6,"column":8},"end":{"line":6,"column":29}},"4":{"start":{"line":7,"column":8},"end":{"line":7,"column":24}},"5":{"start":{"line":8,"column":8},"end":{"line":8,"column":37}},"6":{"start":{"line":9,"column":8},"end":{"line":9,"column":43}},"7":{"start":{"line":12,"column":8},"end":{"line":17,"column":9}},"8":{"start":{"line":13,"column":12},"end":{"line":13,"column":83}},"9":{"start":{"line":16,"column":12},"end":{"line":16,"column":38}},"10":{"start":{"line":21,"column":8},"end":{"line":29,"column":10}},"11":{"start":{"line":22,"column":12},"end":{"line":28,"column":20}},"12":{"start":{"line":23,"column":16},"end":{"line":23,"column":40}},"13":{"start":{"line":24,"column":16},"end":{"line":24,"column":37}},"14":{"start":{"line":25,"column":16},"end":{"line":25,"column":42}},"15":{"start":{"line":26,"column":16},"end":{"line":26,"column":35}},"16":{"start":{"line":32,"column":8},"end":{"line":40,"column":10}},"17":{"start":{"line":33,"column":12},"end":{"line":39,"column":20}},"18":{"start":{"line":34,"column":16},"end":{"line":34,"column":39}},"19":{"start":{"line":35,"column":16},"end":{"line":35,"column":54}},"20":{"start":{"line":36,"column":16},"end":{"line":36,"column":44}},"21":{"start":{"line":37,"column":16},"end":{"line":37,"column":37}},"22":{"start":{"line":38,"column":16},"end":{"line":38,"column":35}},"23":{"start":{"line":43,"column":8},"end":{"line":51,"column":10}},"24":{"start":{"line":44,"column":12},"end":{"line":50,"column":20}},"25":{"start":{"line":45,"column":16},"end":{"line":45,"column":38}},"26":{"start":{"line":46,"column":16},"end":{"line":46,"column":54}},"27":{"start":{"line":47,"column":16},"end":{"line":47,"column":43}},"28":{"start":{"line":48,"column":16},"end":{"line":48,"column":37}},"29":{"start":{"line":49,"column":16},"end":{"line":49,"column":35}},"30":{"start":{"line":59,"column":21},"end":{"line":59,"column":40}},"31":{"start":{"line":60,"column":0},"end":{"line":63,"column":5}},"32":{"start":{"line":62,"column":4},"end":{"line":62,"column":21}},"33":{"start":{"line":64,"column":2},"end":{"line":67,"column":5}},"34":{"start":{"line":66,"column":4},"end":{"line":66,"column":21}},"35":{"start":{"line":68,"column":2},"end":{"line":71,"column":7}},"36":{"start":{"line":70,"column":6},"end":{"line":70,"column":23}},"37":{"start":{"line":76,"column":0},"end":{"line":76,"column":24}}},"fnMap":{"0":{"name":"(anonymous_0)","decl":{"start":{"line":3,"column":4},"end":{"line":3,"column":5}},"loc":{"start":{"line":3,"column":27},"end":{"line":10,"column":5}},"line":3},"1":{"name":"(anonymous_1)","decl":{"start":{"line":11,"column":4},"end":{"line":11,"column":5}},"loc":{"start":{"line":11,"column":19},"end":{"line":18,"column":5}},"line":11},"2":{"name":"(anonymous_2)","decl":{"start":{"line":20,"column":4},"end":{"line":20,"column":5}},"loc":{"start":{"line":20,"column":13},"end":{"line":30,"column":5}},"line":20},"3":{"name":"(anonymous_3)","decl":{"start":{"line":21,"column":27},"end":{"line":21,"column":28}},"loc":{"start":{"line":21,"column":38},"end":{"line":29,"column":9}},"line":21},"4":{"name":"(anonymous_4)","decl":{"start":{"line":22,"column":23},"end":{"line":22,"column":24}},"loc":{"start":{"line":22,"column":29},"end":{"line":28,"column":13}},"line":22},"5":{"name":"(anonymous_5)","decl":{"start":{"line":31,"column":4},"end":{"line":31,"column":5}},"loc":{"start":{"line":31,"column":19},"end":{"line":41,"column":5}},"line":31},"6":{"name":"(anonymous_6)","decl":{"start":{"line":32,"column":27},"end":{"line":32,"column":28}},"loc":{"start":{"line":32,"column":38},"end":{"line":40,"column":9}},"line":32},"7":{"name":"(anonymous_7)","decl":{"start":{"line":33,"column":23},"end":{"line":33,"column":24}},"loc":{"start":{"line":33,"column":29},"end":{"line":39,"column":13}},"line":33},"8":{"name":"(anonymous_8)","decl":{"start":{"line":42,"column":4},"end":{"line":42,"column":5}},"loc":{"start":{"line":42,"column":20},"end":{"line":52,"column":5}},"line":42},"9":{"name":"(anonymous_9)","decl":{"start":{"line":43,"column":27},"end":{"line":43,"column":28}},"loc":{"start":{"line":43,"column":38},"end":{"line":51,"column":9}},"line":43},"10":{"name":"(anonymous_10)","decl":{"start":{"line":44,"column":23},"end":{"line":44,"column":24}},"loc":{"start":{"line":44,"column":29},"end":{"line":50,"column":13}},"line":44},"11":{"name":"(anonymous_11)","decl":{"start":{"line":61,"column":6},"end":{"line":61,"column":7}},"loc":{"start":{"line":61,"column":15},"end":{"line":63,"column":3}},"line":61},"12":{"name":"(anonymous_12)","decl":{"start":{"line":65,"column":6},"end":{"line":65,"column":7}},"loc":{"start":{"line":65,"column":15},"end":{"line":67,"column":3}},"line":65},"13":{"name":"(anonymous_13)","decl":{"start":{"line":69,"column":8},"end":{"line":69,"column":9}},"loc":{"start":{"line":69,"column":17},"end":{"line":71,"column":5}},"line":69}},"branchMap":{"0":{"loc":{"start":{"line":12,"column":8},"end":{"line":17,"column":9}},"type":"if","locations":[{"start":{"line":12,"column":8},"end":{"line":17,"column":9}},{"start":{"line":15,"column":13},"end":{"line":17,"column":9}}],"line":12}},"s":{"0":1,"1":2,"2":2,"3":2,"4":2,"5":2,"6":2,"7":6,"8":2,"9":4,"10":2,"11":2,"12":2,"13":2,"14":2,"15":2,"16":2,"17":2,"18":2,"19":2,"20":2,"21":2,"22":2,"23":2,"24":2,"25":2,"26":2,"27":2,"28":2,"29":2,"30":1,"31":1,"32":1,"33":1,"34":1,"35":1,"36":1,"37":1},"f":{"0":2,"1":6,"2":2,"3":2,"4":2,"5":2,"6":2,"7":2,"8":2,"9":2,"10":2,"11":1,"12":1,"13":1},"b":{"0":[2,4]},"_coverageSchema":"1a1c01bbd47fc00a2c39e90264f33305004495a9","hash":"4cc9a9259f369454fd1fd5b89fed11a81a80d115"}
}
